2025-01-20 00:00:02 [HelixTaskExecutor-message_handle_thread_7] ERROR c.s.s.c.s.PartitionStateModelFactory - error opening reader for namespace: n1 and partitionId: 2
java.lang.NullPointerException: Cannot invoke "com.syncdb.tablet.Tablet.openReader()" because "this.tablet" is null
	at com.syncdb.server.cluster.factory.TabletMailbox.startReader(TabletMailbox.java:51)
	at com.syncdb.server.cluster.statemodel.PartitionStateModelFactory$MasterSlaveStateModel.acquireLockAndRun(PartitionStateModelFactory.java:318)
	at com.syncdb.server.cluster.statemodel.PartitionStateModelFactory$MasterSlaveStateModel.onBecomeSlaveFromOffline(PartitionStateModelFactory.java:168)
	at java.base/jdk.internal.reflect.NativeMethodAccessorImpl.invoke0(Native Method)
	at java.base/jdk.internal.reflect.NativeMethodAccessorImpl.invoke(NativeMethodAccessorImpl.java:77)
	at java.base/jdk.internal.reflect.DelegatingMethodAccessorImpl.invoke(DelegatingMethodAccessorImpl.java:43)
	at java.base/java.lang.reflect.Method.invoke(Method.java:569)
	at org.apache.helix.messaging.handling.HelixStateTransitionHandler.invoke(HelixStateTransitionHandler.java:351)
	at org.apache.helix.messaging.handling.HelixStateTransitionHandler.handleMessage(HelixStateTransitionHandler.java:279)
	at org.apache.helix.messaging.handling.HelixTask.call(HelixTask.java:97)
	at org.apache.helix.messaging.handling.HelixTask.call(HelixTask.java:49)
	at java.base/java.util.concurrent.FutureTask.run(FutureTask.java:264)
	at java.base/java.util.concurrent.ThreadPoolExecutor.runWorker(ThreadPoolExecutor.java:1136)
	at java.base/java.util.concurrent.ThreadPoolExecutor$Worker.run(ThreadPoolExecutor.java:635)
	at java.base/java.lang.Thread.run(Thread.java:840)
2025-01-20 00:00:02 [HelixTaskExecutor-message_handle_thread_7] ERROR o.a.h.m.h.HelixStateTransitionHandler - Exception while executing a state transition task n1__PARTITIONS_2
java.lang.reflect.InvocationTargetException: null
	at java.base/jdk.internal.reflect.NativeMethodAccessorImpl.invoke0(Native Method)
	at java.base/jdk.internal.reflect.NativeMethodAccessorImpl.invoke(NativeMethodAccessorImpl.java:77)
	at java.base/jdk.internal.reflect.DelegatingMethodAccessorImpl.invoke(DelegatingMethodAccessorImpl.java:43)
	at java.base/java.lang.reflect.Method.invoke(Method.java:569)
	at org.apache.helix.messaging.handling.HelixStateTransitionHandler.invoke(HelixStateTransitionHandler.java:351)
	at org.apache.helix.messaging.handling.HelixStateTransitionHandler.handleMessage(HelixStateTransitionHandler.java:279)
	at org.apache.helix.messaging.handling.HelixTask.call(HelixTask.java:97)
	at org.apache.helix.messaging.handling.HelixTask.call(HelixTask.java:49)
	at java.base/java.util.concurrent.FutureTask.run(FutureTask.java:264)
	at java.base/java.util.concurrent.ThreadPoolExecutor.runWorker(ThreadPoolExecutor.java:1136)
	at java.base/java.util.concurrent.ThreadPoolExecutor$Worker.run(ThreadPoolExecutor.java:635)
	at java.base/java.lang.Thread.run(Thread.java:840)
Caused by: java.lang.NullPointerException: Cannot invoke "com.syncdb.tablet.Tablet.openReader()" because "this.tablet" is null
	at com.syncdb.server.cluster.factory.TabletMailbox.startReader(TabletMailbox.java:51)
	at com.syncdb.server.cluster.statemodel.PartitionStateModelFactory$MasterSlaveStateModel.acquireLockAndRun(PartitionStateModelFactory.java:318)
	at com.syncdb.server.cluster.statemodel.PartitionStateModelFactory$MasterSlaveStateModel.onBecomeSlaveFromOffline(PartitionStateModelFactory.java:168)
	... 12 common frames omitted
2025-01-20 00:00:02 [HelixTaskExecutor-message_handle_thread_7] ERROR o.a.h.p.statemachine.StateModel - Default rollback method invoked on error. Error Code: ERROR
2025-01-20 00:00:02 [HelixTaskExecutor-message_handle_thread_7] ERROR o.a.h.messaging.handling.HelixTask - Message execution failed. msgId: 2e60fe21-bb8d-426f-88f6-45cc9026c604, errorMsg: java.lang.reflect.InvocationTargetException
2025-01-20 00:00:02 [ZkClient-EventThread-48-localhost:2181] INFO  o.a.helix.manager.zk.CallbackHandler - 48 START: CallbackHandler 20, INVOKE /syncdb__COMPUTE/INSTANCES/localhost_52973/CURRENTSTATES/10006dc54e900c9 listener: org.apache.helix.controller.GenericHelixController@3ff57625 type: CALLBACK
2025-01-20 00:00:02 [ZkClient-EventThread-48-localhost:2181] INFO  o.a.h.c.GenericHelixController - START: GenericClusterController.onStateChange()
2025-01-20 00:00:02 [HelixTaskExecutor-message_handle_thread_7] INFO  o.a.h.messaging.handling.HelixTask - Delete message 2e60fe21-bb8d-426f-88f6-45cc9026c604 from zk!
2025-01-20 00:00:02 [ZkClient-EventThread-76-localhost:2181] INFO  o.a.helix.manager.zk.CallbackHandler - 76 START: CallbackHandler 24, INVOKE /syncdb__COMPUTE/INSTANCES/localhost_52973/MESSAGES listener: org.apache.helix.messaging.handling.HelixTaskExecutor@5e3a39cd type: CALLBACK
2025-01-20 00:00:02 [ZkClient-EventThread-48-localhost:2181] WARN  o.a.helix.manager.zk.ZKHelixManager - Instance localhost_52973 is not leader of cluster syncdb__COMPUTE due to current session 10006dc54e900c5 does not match leader session 10006dc54e900bd
2025-01-20 00:00:02 [ZkClient-EventThread-76-localhost:2181] INFO  o.a.helix.manager.zk.CallbackHandler - CallbackHandler 24 subscribing changes listener to path: /syncdb__COMPUTE/INSTANCES/localhost_52973/MESSAGES, callback type: CALLBACK, event types: [NodeChildrenChanged], listener: org.apache.helix.messaging.handling.HelixTaskExecutor@5e3a39cd, watchChild: false
2025-01-20 00:00:02 [HelixTaskExecutor-message_handle_thread_7] INFO  o.a.h.m.handling.HelixTaskExecutor - message finished: 2e60fe21-bb8d-426f-88f6-45cc9026c604, took 20126
2025-01-20 00:00:02 [ZkClient-EventThread-76-localhost:2181] INFO  o.a.helix.manager.zk.CallbackHandler - CallbackHandler24, Subscribing to path: /syncdb__COMPUTE/INSTANCES/localhost_52973/MESSAGES took: 0
2025-01-20 00:00:02 [ZkClient-EventThread-48-localhost:2181] INFO  o.a.h.c.GenericHelixController - END: GenericClusterController.onStateChange()
2025-01-20 00:00:02 [HelixController-pipeline-default-null-(464ed3da_DEFAULT)] WARN  o.a.h.c.GenericHelixController - Controller pipeline is not invoked because event session doesn't match cluster manager session. Event type: CurrentStateChange, id: 464ed3da_DEFAULT, session: NOT_PRESENT, actual manager session: 10006dc54e900c5, instance: localhost_52973, cluster: syncdb__COMPUTE
2025-01-20 00:00:02 [HelixController-pipeline-task-null-(464ed3da_TASK)] WARN  o.a.h.c.GenericHelixController - Controller pipeline is not invoked because event session doesn't match cluster manager session. Event type: CurrentStateChange, id: 464ed3da_TASK, session: NOT_PRESENT, actual manager session: 10006dc54e900c5, instance: localhost_52973, cluster: syncdb__COMPUTE
2025-01-20 00:00:02 [HelixTaskExecutor-message_handle_thread_7] INFO  o.a.h.messaging.handling.HelixTask - Message: 2e60fe21-bb8d-426f-88f6-45cc9026c604 (parent: null) handling task for n1__PARTITIONS:n1__PARTITIONS_2 completed at: 1737311402396, results: false. FrameworkTime: 34 ms; HandlerTime: 20121 ms.
2025-01-20 00:00:02 [HelixTaskExecutor-message_handle_thread_7] ERROR o.a.h.m.h.HelixStateTransitionHandler - Skip internal error. errCode: ERROR, errMsg: null
2025-01-20 00:00:02 [ZkClient-EventThread-48-localhost:2181] INFO  o.a.helix.manager.zk.CallbackHandler - 48 END:INVOKE CallbackHandler 20, /syncdb__COMPUTE/INSTANCES/localhost_52973/CURRENTSTATES/10006dc54e900c9 listener: org.apache.helix.controller.GenericHelixController@3ff57625 type: CALLBACK Took: 8ms
2025-01-20 00:00:02 [ZkClient-EventThread-76-localhost:2181] INFO  o.a.h.m.handling.HelixTaskExecutor - No Messages to process
2025-01-20 00:00:02 [ZkClient-EventThread-76-localhost:2181] INFO  o.a.helix.manager.zk.CallbackHandler - 76 END:INVOKE CallbackHandler 24, /syncdb__COMPUTE/INSTANCES/localhost_52973/MESSAGES listener: org.apache.helix.messaging.handling.HelixTaskExecutor@5e3a39cd type: CALLBACK Took: 5ms
2025-01-20 00:00:02 [ZkClient-EventThread-48-localhost:2181] INFO  o.a.helix.manager.zk.CallbackHandler - 48 START: CallbackHandler 22, INVOKE /syncdb__COMPUTE/INSTANCES/localhost_52973/MESSAGES listener: org.apache.helix.controller.GenericHelixController@3ff57625 type: CALLBACK
2025-01-20 00:00:02 [ZkClient-EventThread-48-localhost:2181] INFO  o.a.helix.manager.zk.CallbackHandler - CallbackHandler 22 subscribing changes listener to path: /syncdb__COMPUTE/INSTANCES/localhost_52973/MESSAGES, callback type: CALLBACK, event types: [NodeChildrenChanged], listener: org.apache.helix.controller.GenericHelixController@3ff57625, watchChild: false
2025-01-20 00:00:02 [ZkClient-EventThread-48-localhost:2181] INFO  o.a.helix.manager.zk.CallbackHandler - CallbackHandler22, Subscribing to path: /syncdb__COMPUTE/INSTANCES/localhost_52973/MESSAGES took: 1
2025-01-20 00:00:02 [ZkClient-EventThread-48-localhost:2181] INFO  o.a.h.c.GenericHelixController - START: GenericClusterController.onMessage() for cluster null
2025-01-20 00:00:02 [ZkClient-EventThread-48-localhost:2181] WARN  o.a.helix.manager.zk.ZKHelixManager - Instance localhost_52973 is not leader of cluster syncdb__COMPUTE due to current session 10006dc54e900c5 does not match leader session 10006dc54e900bd
2025-01-20 00:00:02 [ZkClient-EventThread-48-localhost:2181] INFO  o.a.h.c.GenericHelixController - END: GenericClusterController.onMessage() for cluster null
2025-01-20 00:00:02 [HelixController-pipeline-default-null-(6c081724_DEFAULT)] WARN  o.a.h.c.GenericHelixController - Controller pipeline is not invoked because event session doesn't match cluster manager session. Event type: MessageChange, id: 6c081724_DEFAULT, session: NOT_PRESENT, actual manager session: 10006dc54e900c5, instance: localhost_52973, cluster: syncdb__COMPUTE
2025-01-20 00:00:02 [ZkClient-EventThread-48-localhost:2181] INFO  o.a.helix.manager.zk.CallbackHandler - 48 END:INVOKE CallbackHandler 22, /syncdb__COMPUTE/INSTANCES/localhost_52973/MESSAGES listener: org.apache.helix.controller.GenericHelixController@3ff57625 type: CALLBACK Took: 2ms
2025-01-20 00:00:02 [HelixController-pipeline-task-null-(6c081724_TASK)] WARN  o.a.h.c.GenericHelixController - Controller pipeline is not invoked because event session doesn't match cluster manager session. Event type: MessageChange, id: 6c081724_TASK, session: NOT_PRESENT, actual manager session: 10006dc54e900c5, instance: localhost_52973, cluster: syncdb__COMPUTE
2025-01-20 00:00:02 [ZkClient-EventThread-48-localhost:2181] INFO  o.a.helix.manager.zk.CallbackHandler - 48 START: CallbackHandler 25, INVOKE /syncdb__COMPUTE/EXTERNALVIEW listener: com.syncdb.server.cluster.factory.ConnectionFactory$$Lambda$339/0x0000000134357be0@6f64af4a type: CALLBACK
2025-01-20 00:00:02 [ZkClient-EventThread-48-localhost:2181] INFO  c.s.s.c.factory.ConnectionFactory - external view changed for namespace n1
2025-01-20 00:00:02 [ZkClient-EventThread-48-localhost:2181] INFO  c.s.s.c.factory.ConnectionFactory - refreshing connections for verticleId 0b1675b8-5a2b-4c03-8561-5b232c3b953c namespace n1
2025-01-20 00:00:02 [ZkClient-EventThread-48-localhost:2181] ERROR c.s.s.c.factory.ConnectionFactory - unknown state: ONLINE for namespace: n1 and partition: 0 and instanceId: localhost_52973
2025-01-20 00:00:02 [ZkClient-EventThread-48-localhost:2181] ERROR c.s.s.c.factory.ConnectionFactory - unknown state: ERROR for namespace: n1 and partition: 1 and instanceId: localhost_52956
2025-01-20 00:00:02 [ZkClient-EventThread-48-localhost:2181] ERROR c.s.s.c.factory.ConnectionFactory - unknown state: ONLINE for namespace: n1 and partition: 2 and instanceId: localhost_52945
2025-01-20 00:00:02 [ZkClient-EventThread-48-localhost:2181] INFO  c.s.s.c.factory.ConnectionFactory - refreshing connections for verticleId 7bb5caeb-88c6-47d2-92af-0e0bd3d57b9a namespace n1
2025-01-20 00:00:02 [ZkClient-EventThread-48-localhost:2181] ERROR c.s.s.c.factory.ConnectionFactory - unknown state: ONLINE for namespace: n1 and partition: 0 and instanceId: localhost_52973
2025-01-20 00:00:02 [ZkClient-EventThread-48-localhost:2181] ERROR c.s.s.c.factory.ConnectionFactory - unknown state: ERROR for namespace: n1 and partition: 1 and instanceId: localhost_52956
2025-01-20 00:00:02 [ZkClient-EventThread-48-localhost:2181] ERROR c.s.s.c.factory.ConnectionFactory - unknown state: ONLINE for namespace: n1 and partition: 2 and instanceId: localhost_52945
2025-01-20 00:00:02 [ZkClient-EventThread-48-localhost:2181] INFO  c.s.s.c.factory.ConnectionFactory - refreshing connections for verticleId 1fc004df-f832-4862-bb8c-2d2efad91a58 namespace n1
2025-01-20 00:00:02 [ZkClient-EventThread-48-localhost:2181] ERROR c.s.s.c.factory.ConnectionFactory - unknown state: ONLINE for namespace: n1 and partition: 0 and instanceId: localhost_52973
2025-01-20 00:00:02 [ZkClient-EventThread-48-localhost:2181] ERROR c.s.s.c.factory.ConnectionFactory - unknown state: ERROR for namespace: n1 and partition: 1 and instanceId: localhost_52956
2025-01-20 00:00:02 [ZkClient-EventThread-48-localhost:2181] ERROR c.s.s.c.factory.ConnectionFactory - unknown state: ONLINE for namespace: n1 and partition: 2 and instanceId: localhost_52945
2025-01-20 00:00:02 [ZkClient-EventThread-48-localhost:2181] INFO  c.s.s.c.factory.ConnectionFactory - refreshing connections for verticleId 9e9832b2-30c1-4745-83ce-9bc9fa7ec3a0 namespace n1
2025-01-20 00:00:02 [ZkClient-EventThread-48-localhost:2181] ERROR c.s.s.c.factory.ConnectionFactory - unknown state: ONLINE for namespace: n1 and partition: 0 and instanceId: localhost_52973
2025-01-20 00:00:02 [ZkClient-EventThread-48-localhost:2181] ERROR c.s.s.c.factory.ConnectionFactory - unknown state: ERROR for namespace: n1 and partition: 1 and instanceId: localhost_52956
2025-01-20 00:00:02 [ZkClient-EventThread-48-localhost:2181] ERROR c.s.s.c.factory.ConnectionFactory - unknown state: ONLINE for namespace: n1 and partition: 2 and instanceId: localhost_52945
2025-01-20 00:00:02 [ZkClient-EventThread-48-localhost:2181] INFO  c.s.s.c.factory.ConnectionFactory - refreshing connections for verticleId a799dbce-89db-4621-8cc8-993690568d6b namespace n1
2025-01-20 00:00:02 [ZkClient-EventThread-48-localhost:2181] ERROR c.s.s.c.factory.ConnectionFactory - unknown state: ONLINE for namespace: n1 and partition: 0 and instanceId: localhost_52973
2025-01-20 00:00:02 [ZkClient-EventThread-48-localhost:2181] ERROR c.s.s.c.factory.ConnectionFactory - unknown state: ERROR for namespace: n1 and partition: 1 and instanceId: localhost_52956
2025-01-20 00:00:02 [ZkClient-EventThread-48-localhost:2181] ERROR c.s.s.c.factory.ConnectionFactory - unknown state: ONLINE for namespace: n1 and partition: 2 and instanceId: localhost_52945
2025-01-20 00:00:02 [ZkClient-EventThread-48-localhost:2181] INFO  c.s.s.c.factory.ConnectionFactory - refreshing connections for verticleId cee848d2-586c-4424-9891-b7af33e618d5 namespace n1
2025-01-20 00:00:02 [ZkClient-EventThread-48-localhost:2181] ERROR c.s.s.c.factory.ConnectionFactory - unknown state: ONLINE for namespace: n1 and partition: 0 and instanceId: localhost_52973
2025-01-20 00:00:02 [ZkClient-EventThread-48-localhost:2181] ERROR c.s.s.c.factory.ConnectionFactory - unknown state: ERROR for namespace: n1 and partition: 1 and instanceId: localhost_52956
2025-01-20 00:00:02 [ZkClient-EventThread-48-localhost:2181] ERROR c.s.s.c.factory.ConnectionFactory - unknown state: ONLINE for namespace: n1 and partition: 2 and instanceId: localhost_52945
2025-01-20 00:00:02 [ZkClient-EventThread-48-localhost:2181] INFO  c.s.s.c.factory.ConnectionFactory - refreshing connections for verticleId c8817ead-e163-4394-bd8c-e6e748111fcd namespace n1
2025-01-20 00:00:02 [ZkClient-EventThread-48-localhost:2181] ERROR c.s.s.c.factory.ConnectionFactory - unknown state: ONLINE for namespace: n1 and partition: 0 and instanceId: localhost_52973
2025-01-20 00:00:02 [ZkClient-EventThread-48-localhost:2181] ERROR c.s.s.c.factory.ConnectionFactory - unknown state: ERROR for namespace: n1 and partition: 1 and instanceId: localhost_52956
2025-01-20 00:00:02 [ZkClient-EventThread-48-localhost:2181] ERROR c.s.s.c.factory.ConnectionFactory - unknown state: ONLINE for namespace: n1 and partition: 2 and instanceId: localhost_52945
2025-01-20 00:00:02 [ZkClient-EventThread-48-localhost:2181] INFO  c.s.s.c.factory.ConnectionFactory - refreshing connections for verticleId b8744bc7-c620-41cd-8928-fba600cee6c5 namespace n1
2025-01-20 00:00:02 [ZkClient-EventThread-48-localhost:2181] ERROR c.s.s.c.factory.ConnectionFactory - unknown state: ONLINE for namespace: n1 and partition: 0 and instanceId: localhost_52973
2025-01-20 00:00:02 [ZkClient-EventThread-48-localhost:2181] ERROR c.s.s.c.factory.ConnectionFactory - unknown state: ERROR for namespace: n1 and partition: 1 and instanceId: localhost_52956
2025-01-20 00:00:02 [ZkClient-EventThread-48-localhost:2181] ERROR c.s.s.c.factory.ConnectionFactory - unknown state: ONLINE for namespace: n1 and partition: 2 and instanceId: localhost_52945
2025-01-20 00:00:02 [ZkClient-EventThread-48-localhost:2181] INFO  c.s.s.c.factory.ConnectionFactory - refreshing connections for verticleId 777ee8ff-1ff3-40ad-a5ec-8d7a70e5f283 namespace n1
2025-01-20 00:00:02 [ZkClient-EventThread-48-localhost:2181] ERROR c.s.s.c.factory.ConnectionFactory - unknown state: ONLINE for namespace: n1 and partition: 0 and instanceId: localhost_52973
2025-01-20 00:00:02 [ZkClient-EventThread-48-localhost:2181] ERROR c.s.s.c.factory.ConnectionFactory - unknown state: ERROR for namespace: n1 and partition: 1 and instanceId: localhost_52956
2025-01-20 00:00:02 [ZkClient-EventThread-48-localhost:2181] ERROR c.s.s.c.factory.ConnectionFactory - unknown state: ONLINE for namespace: n1 and partition: 2 and instanceId: localhost_52945
2025-01-20 00:00:02 [ZkClient-EventThread-48-localhost:2181] INFO  c.s.s.c.factory.ConnectionFactory - refreshing connections for verticleId fe572a49-e0f4-4262-a114-aa6cc984ef16 namespace n1
2025-01-20 00:00:02 [ZkClient-EventThread-48-localhost:2181] ERROR c.s.s.c.factory.ConnectionFactory - unknown state: ONLINE for namespace: n1 and partition: 0 and instanceId: localhost_52973
2025-01-20 00:00:02 [ZkClient-EventThread-48-localhost:2181] ERROR c.s.s.c.factory.ConnectionFactory - unknown state: ERROR for namespace: n1 and partition: 1 and instanceId: localhost_52956
2025-01-20 00:00:02 [ZkClient-EventThread-48-localhost:2181] ERROR c.s.s.c.factory.ConnectionFactory - unknown state: ONLINE for namespace: n1 and partition: 2 and instanceId: localhost_52945
2025-01-20 00:00:02 [ZkClient-EventThread-48-localhost:2181] INFO  c.s.s.c.factory.ConnectionFactory - external view changed for namespace n1
2025-01-20 00:00:02 [ZkClient-EventThread-48-localhost:2181] INFO  c.s.s.c.factory.ConnectionFactory - refreshing connections for verticleId 0b1675b8-5a2b-4c03-8561-5b232c3b953c namespace n1
2025-01-20 00:00:02 [ZkClient-EventThread-48-localhost:2181] ERROR c.s.s.c.factory.ConnectionFactory - unknown state: ERROR for namespace: n1 and partition: 2 and instanceId: localhost_52945
2025-01-20 00:00:02 [ZkClient-EventThread-48-localhost:2181] ERROR c.s.s.c.factory.ConnectionFactory - unknown state: ERROR for namespace: n1 and partition: 2 and instanceId: localhost_52956
2025-01-20 00:00:02 [ZkClient-EventThread-48-localhost:2181] ERROR c.s.s.c.factory.ConnectionFactory - unknown state: ERROR for namespace: n1 and partition: 2 and instanceId: localhost_52973
2025-01-20 00:00:02 [ZkClient-EventThread-48-localhost:2181] ERROR c.s.s.c.factory.ConnectionFactory - unknown state: ERROR for namespace: n1 and partition: 6 and instanceId: localhost_52973
2025-01-20 00:00:02 [ZkClient-EventThread-48-localhost:2181] ERROR c.s.s.c.factory.ConnectionFactory - unknown state: ERROR for namespace: n1 and partition: 8 and instanceId: localhost_52945
2025-01-20 00:00:02 [ZkClient-EventThread-48-localhost:2181] INFO  c.s.s.c.factory.ConnectionFactory - refreshing connections for verticleId 7bb5caeb-88c6-47d2-92af-0e0bd3d57b9a namespace n1
2025-01-20 00:00:02 [ZkClient-EventThread-48-localhost:2181] ERROR c.s.s.c.factory.ConnectionFactory - unknown state: ERROR for namespace: n1 and partition: 2 and instanceId: localhost_52945
2025-01-20 00:00:02 [ZkClient-EventThread-48-localhost:2181] ERROR c.s.s.c.factory.ConnectionFactory - unknown state: ERROR for namespace: n1 and partition: 2 and instanceId: localhost_52956
2025-01-20 00:00:02 [ZkClient-EventThread-48-localhost:2181] ERROR c.s.s.c.factory.ConnectionFactory - unknown state: ERROR for namespace: n1 and partition: 2 and instanceId: localhost_52973
2025-01-20 00:00:02 [ZkClient-EventThread-48-localhost:2181] ERROR c.s.s.c.factory.ConnectionFactory - unknown state: ERROR for namespace: n1 and partition: 6 and instanceId: localhost_52973
2025-01-20 00:00:02 [ZkClient-EventThread-48-localhost:2181] ERROR c.s.s.c.factory.ConnectionFactory - unknown state: ERROR for namespace: n1 and partition: 8 and instanceId: localhost_52945
2025-01-20 00:00:02 [ZkClient-EventThread-48-localhost:2181] INFO  c.s.s.c.factory.ConnectionFactory - refreshing connections for verticleId 1fc004df-f832-4862-bb8c-2d2efad91a58 namespace n1
2025-01-20 00:00:02 [ZkClient-EventThread-48-localhost:2181] ERROR c.s.s.c.factory.ConnectionFactory - unknown state: ERROR for namespace: n1 and partition: 2 and instanceId: localhost_52945
2025-01-20 00:00:02 [ZkClient-EventThread-48-localhost:2181] ERROR c.s.s.c.factory.ConnectionFactory - unknown state: ERROR for namespace: n1 and partition: 2 and instanceId: localhost_52956
2025-01-20 00:00:02 [ZkClient-EventThread-48-localhost:2181] ERROR c.s.s.c.factory.ConnectionFactory - unknown state: ERROR for namespace: n1 and partition: 2 and instanceId: localhost_52973
2025-01-20 00:00:02 [ZkClient-EventThread-48-localhost:2181] ERROR c.s.s.c.factory.ConnectionFactory - unknown state: ERROR for namespace: n1 and partition: 6 and instanceId: localhost_52973
2025-01-20 00:00:02 [ZkClient-EventThread-48-localhost:2181] ERROR c.s.s.c.factory.ConnectionFactory - unknown state: ERROR for namespace: n1 and partition: 8 and instanceId: localhost_52945
2025-01-20 00:00:02 [ZkClient-EventThread-48-localhost:2181] INFO  c.s.s.c.factory.ConnectionFactory - refreshing connections for verticleId 9e9832b2-30c1-4745-83ce-9bc9fa7ec3a0 namespace n1
2025-01-20 00:00:02 [ZkClient-EventThread-48-localhost:2181] ERROR c.s.s.c.factory.ConnectionFactory - unknown state: ERROR for namespace: n1 and partition: 2 and instanceId: localhost_52945
2025-01-20 00:00:02 [ZkClient-EventThread-48-localhost:2181] ERROR c.s.s.c.factory.ConnectionFactory - unknown state: ERROR for namespace: n1 and partition: 2 and instanceId: localhost_52956
2025-01-20 00:00:02 [ZkClient-EventThread-48-localhost:2181] ERROR c.s.s.c.factory.ConnectionFactory - unknown state: ERROR for namespace: n1 and partition: 2 and instanceId: localhost_52973
2025-01-20 00:00:02 [ZkClient-EventThread-48-localhost:2181] ERROR c.s.s.c.factory.ConnectionFactory - unknown state: ERROR for namespace: n1 and partition: 6 and instanceId: localhost_52973
2025-01-20 00:00:02 [ZkClient-EventThread-48-localhost:2181] ERROR c.s.s.c.factory.ConnectionFactory - unknown state: ERROR for namespace: n1 and partition: 8 and instanceId: localhost_52945
2025-01-20 00:00:02 [ZkClient-EventThread-48-localhost:2181] INFO  c.s.s.c.factory.ConnectionFactory - refreshing connections for verticleId a799dbce-89db-4621-8cc8-993690568d6b namespace n1
2025-01-20 00:00:02 [ZkClient-EventThread-48-localhost:2181] ERROR c.s.s.c.factory.ConnectionFactory - unknown state: ERROR for namespace: n1 and partition: 2 and instanceId: localhost_52945
2025-01-20 00:00:02 [ZkClient-EventThread-48-localhost:2181] ERROR c.s.s.c.factory.ConnectionFactory - unknown state: ERROR for namespace: n1 and partition: 2 and instanceId: localhost_52956
2025-01-20 00:00:02 [ZkClient-EventThread-48-localhost:2181] ERROR c.s.s.c.factory.ConnectionFactory - unknown state: ERROR for namespace: n1 and partition: 2 and instanceId: localhost_52973
2025-01-20 00:00:02 [ZkClient-EventThread-48-localhost:2181] ERROR c.s.s.c.factory.ConnectionFactory - unknown state: ERROR for namespace: n1 and partition: 6 and instanceId: localhost_52973
2025-01-20 00:00:02 [ZkClient-EventThread-48-localhost:2181] ERROR c.s.s.c.factory.ConnectionFactory - unknown state: ERROR for namespace: n1 and partition: 8 and instanceId: localhost_52945
2025-01-20 00:00:02 [ZkClient-EventThread-48-localhost:2181] INFO  c.s.s.c.factory.ConnectionFactory - refreshing connections for verticleId cee848d2-586c-4424-9891-b7af33e618d5 namespace n1
2025-01-20 00:00:02 [ZkClient-EventThread-48-localhost:2181] ERROR c.s.s.c.factory.ConnectionFactory - unknown state: ERROR for namespace: n1 and partition: 2 and instanceId: localhost_52945
2025-01-20 00:00:02 [ZkClient-EventThread-48-localhost:2181] ERROR c.s.s.c.factory.ConnectionFactory - unknown state: ERROR for namespace: n1 and partition: 2 and instanceId: localhost_52956
2025-01-20 00:00:02 [ZkClient-EventThread-48-localhost:2181] ERROR c.s.s.c.factory.ConnectionFactory - unknown state: ERROR for namespace: n1 and partition: 2 and instanceId: localhost_52973
2025-01-20 00:00:02 [ZkClient-EventThread-48-localhost:2181] ERROR c.s.s.c.factory.ConnectionFactory - unknown state: ERROR for namespace: n1 and partition: 6 and instanceId: localhost_52973
2025-01-20 00:00:02 [ZkClient-EventThread-48-localhost:2181] ERROR c.s.s.c.factory.ConnectionFactory - unknown state: ERROR for namespace: n1 and partition: 8 and instanceId: localhost_52945
2025-01-20 00:00:02 [ZkClient-EventThread-48-localhost:2181] INFO  c.s.s.c.factory.ConnectionFactory - refreshing connections for verticleId c8817ead-e163-4394-bd8c-e6e748111fcd namespace n1
2025-01-20 00:00:02 [ZkClient-EventThread-48-localhost:2181] ERROR c.s.s.c.factory.ConnectionFactory - unknown state: ERROR for namespace: n1 and partition: 2 and instanceId: localhost_52945
2025-01-20 00:00:02 [ZkClient-EventThread-48-localhost:2181] ERROR c.s.s.c.factory.ConnectionFactory - unknown state: ERROR for namespace: n1 and partition: 2 and instanceId: localhost_52956
2025-01-20 00:00:02 [ZkClient-EventThread-48-localhost:2181] ERROR c.s.s.c.factory.ConnectionFactory - unknown state: ERROR for namespace: n1 and partition: 2 and instanceId: localhost_52973
2025-01-20 00:00:02 [ZkClient-EventThread-48-localhost:2181] ERROR c.s.s.c.factory.ConnectionFactory - unknown state: ERROR for namespace: n1 and partition: 6 and instanceId: localhost_52973
2025-01-20 00:00:02 [ZkClient-EventThread-48-localhost:2181] ERROR c.s.s.c.factory.ConnectionFactory - unknown state: ERROR for namespace: n1 and partition: 8 and instanceId: localhost_52945
2025-01-20 00:00:02 [ZkClient-EventThread-48-localhost:2181] INFO  c.s.s.c.factory.ConnectionFactory - refreshing connections for verticleId b8744bc7-c620-41cd-8928-fba600cee6c5 namespace n1
2025-01-20 00:00:02 [ZkClient-EventThread-48-localhost:2181] ERROR c.s.s.c.factory.ConnectionFactory - unknown state: ERROR for namespace: n1 and partition: 2 and instanceId: localhost_52945
2025-01-20 00:00:02 [ZkClient-EventThread-48-localhost:2181] ERROR c.s.s.c.factory.ConnectionFactory - unknown state: ERROR for namespace: n1 and partition: 2 and instanceId: localhost_52956
2025-01-20 00:00:02 [ZkClient-EventThread-48-localhost:2181] ERROR c.s.s.c.factory.ConnectionFactory - unknown state: ERROR for namespace: n1 and partition: 2 and instanceId: localhost_52973
2025-01-20 00:00:02 [ZkClient-EventThread-48-localhost:2181] ERROR c.s.s.c.factory.ConnectionFactory - unknown state: ERROR for namespace: n1 and partition: 6 and instanceId: localhost_52973
2025-01-20 00:00:02 [ZkClient-EventThread-48-localhost:2181] ERROR c.s.s.c.factory.ConnectionFactory - unknown state: ERROR for namespace: n1 and partition: 8 and instanceId: localhost_52945
2025-01-20 00:00:02 [ZkClient-EventThread-48-localhost:2181] INFO  c.s.s.c.factory.ConnectionFactory - refreshing connections for verticleId 777ee8ff-1ff3-40ad-a5ec-8d7a70e5f283 namespace n1
2025-01-20 00:00:02 [ZkClient-EventThread-48-localhost:2181] ERROR c.s.s.c.factory.ConnectionFactory - unknown state: ERROR for namespace: n1 and partition: 2 and instanceId: localhost_52945
2025-01-20 00:00:02 [ZkClient-EventThread-48-localhost:2181] ERROR c.s.s.c.factory.ConnectionFactory - unknown state: ERROR for namespace: n1 and partition: 2 and instanceId: localhost_52956
2025-01-20 00:00:02 [ZkClient-EventThread-48-localhost:2181] ERROR c.s.s.c.factory.ConnectionFactory - unknown state: ERROR for namespace: n1 and partition: 2 and instanceId: localhost_52973
2025-01-20 00:00:02 [ZkClient-EventThread-48-localhost:2181] ERROR c.s.s.c.factory.ConnectionFactory - unknown state: ERROR for namespace: n1 and partition: 6 and instanceId: localhost_52973
2025-01-20 00:00:02 [ZkClient-EventThread-48-localhost:2181] ERROR c.s.s.c.factory.ConnectionFactory - unknown state: ERROR for namespace: n1 and partition: 8 and instanceId: localhost_52945
2025-01-20 00:00:02 [ZkClient-EventThread-48-localhost:2181] INFO  c.s.s.c.factory.ConnectionFactory - refreshing connections for verticleId fe572a49-e0f4-4262-a114-aa6cc984ef16 namespace n1
2025-01-20 00:00:02 [ZkClient-EventThread-48-localhost:2181] ERROR c.s.s.c.factory.ConnectionFactory - unknown state: ERROR for namespace: n1 and partition: 2 and instanceId: localhost_52945
2025-01-20 00:00:02 [ZkClient-EventThread-48-localhost:2181] ERROR c.s.s.c.factory.ConnectionFactory - unknown state: ERROR for namespace: n1 and partition: 2 and instanceId: localhost_52956
2025-01-20 00:00:02 [ZkClient-EventThread-48-localhost:2181] ERROR c.s.s.c.factory.ConnectionFactory - unknown state: ERROR for namespace: n1 and partition: 2 and instanceId: localhost_52973
2025-01-20 00:00:02 [ZkClient-EventThread-48-localhost:2181] ERROR c.s.s.c.factory.ConnectionFactory - unknown state: ERROR for namespace: n1 and partition: 6 and instanceId: localhost_52973
2025-01-20 00:00:02 [ZkClient-EventThread-48-localhost:2181] ERROR c.s.s.c.factory.ConnectionFactory - unknown state: ERROR for namespace: n1 and partition: 8 and instanceId: localhost_52945
2025-01-20 00:00:02 [ZkClient-EventThread-48-localhost:2181] INFO  o.a.helix.manager.zk.CallbackHandler - 48 END:INVOKE CallbackHandler 25, /syncdb__COMPUTE/EXTERNALVIEW listener: com.syncdb.server.cluster.factory.ConnectionFactory$$Lambda$339/0x0000000134357be0@6f64af4a type: CALLBACK Took: 11ms
2025-01-20 00:00:03 [vert.x-eventloop-thread-6] INFO  c.s.s.c.s.PartitionStateModelFactory - Updating buckets for namespace: n1
2025-01-20 00:00:04 [vert.x-eventloop-thread-7] INFO  c.s.s.c.s.PartitionStateModelFactory - Updating buckets for namespace: n1
2025-01-20 00:00:05 [vert.x-eventloop-thread-0] WARN  o.a.helix.manager.zk.ZKHelixManager - Instance localhost_52973 is not leader of cluster syncdb__COMPUTE due to current session 10006dc54e900c5 does not match leader session 10006dc54e900bd
2025-01-20 00:00:08 [vert.x-eventloop-thread-5] INFO  c.s.s.c.s.PartitionStateModelFactory - Updating buckets for namespace: n1
2025-01-20 00:00:13 [vert.x-eventloop-thread-6] INFO  c.s.s.c.s.PartitionStateModelFactory - Updating buckets for namespace: n1
